build/app/intermediates/manifest_merge_blame_file/debug/manifest-merger-blame-debug-report.txt
1<?xml version="1.0" encoding="utf-8"?>
2<manifest xmlns:android="http://schemas.android.com/apk/res/android"
3    package="com.example.fsalonappaakash"
4    android:versionCode="1"
5    android:versionName="1.0.0" >
6
7    <uses-sdk
8        android:minSdkVersion="21"
9        android:targetSdkVersion="28" />
10    <!--
11         Flutter needs it to communicate with the running application
12         to allow setting breakpoints, to provide hot reload, etc.
13    -->
14    <uses-permission android:name="android.permission.INTERNET" />
14-->src\debug\AndroidManifest.xml:6:5-66
14-->src\debug\AndroidManifest.xml:6:22-64
15    <uses-permission android:name="android.permission.READ_EXTERNAL_STORAGE" />
15-->[:image_picker] AndroidManifest.xml:7:5-80
15-->[:image_picker] AndroidManifest.xml:7:22-77
16    <uses-permission android:name="android.permission.WRITE_EXTERNAL_STORAGE" />
16-->[:image_picker] AndroidManifest.xml:8:5-81
16-->[:image_picker] AndroidManifest.xml:8:22-78
17    <uses-permission android:name="android.permission.ACCESS_NETWORK_STATE" />
17-->[:firebase_analytics] AndroidManifest.xml:7:5-79
17-->[:firebase_analytics] AndroidManifest.xml:7:22-76
18    <uses-permission android:name="android.permission.WAKE_LOCK" />
18-->[:firebase_analytics] AndroidManifest.xml:9:5-68
18-->[:firebase_analytics] AndroidManifest.xml:9:22-65
19    <uses-permission android:name="com.google.android.finsky.permission.BIND_GET_INSTALL_REFERRER_SERVICE" /> <!-- Required by older versions of Google Play services to create IID tokens -->
19-->[com.google.android.gms:play-services-measurement:17.4.1] AndroidManifest.xml:26:5-110
19-->[com.google.android.gms:play-services-measurement:17.4.1] AndroidManifest.xml:26:22-107
20    <uses-permission android:name="com.google.android.c2dm.permission.RECEIVE" />
20-->[com.google.firebase:firebase-iid:20.1.5] AndroidManifest.xml:26:5-82
20-->[com.google.firebase:firebase-iid:20.1.5] AndroidManifest.xml:26:22-79
21
22    <uses-feature
22-->[com.google.android.gms:play-services-maps:17.0.0] AndroidManifest.xml:26:5-28:35
23        android:glEsVersion="0x00020000"
23-->[com.google.android.gms:play-services-maps:17.0.0] AndroidManifest.xml:27:9-41
24        android:required="true" />
24-->[com.google.android.gms:play-services-maps:17.0.0] AndroidManifest.xml:28:9-32
25    <!--
26 io.flutter.app.FlutterApplication is an android.app.Application that
27         calls FlutterMain.startInitialization(this); in its onCreate method.
28         In most cases you can leave this as-is, but you if you want to provide
29         additional functionality it is fine to subclass or reimplement
30         FlutterApplication and put your custom class here.
31    -->
32    <application
32-->src\main\AndroidManifest.xml:8:5-46:19
33        android:name="io.flutter.app.FlutterApplication"
33-->src\main\AndroidManifest.xml:9:9-57
34        android:appComponentFactory="androidx.core.app.CoreComponentFactory"
34-->[androidx.core:core:1.1.0] AndroidManifest.xml:24:18-86
35        android:debuggable="true"
36        android:icon="@mipmap/ic_launcher"
36-->src\main\AndroidManifest.xml:11:9-43
37        android:label="Fashion TV"
37-->src\main\AndroidManifest.xml:10:9-35
38        android:theme="@style/Theme.AppCompat.Light.NoActionBar" >
38-->[:stripe_payment] AndroidManifest.xml:11:18-74
39        <activity
39-->src\main\AndroidManifest.xml:12:9-40:20
40            android:name="com.example.fsalonappaakash.MainActivity"
40-->src\main\AndroidManifest.xml:13:13-41
41            android:configChanges="orientation|keyboardHidden|keyboard|screenSize|smallestScreenSize|locale|layoutDirection|fontScale|screenLayout|density|uiMode"
41-->src\main\AndroidManifest.xml:16:13-163
42            android:hardwareAccelerated="true"
42-->src\main\AndroidManifest.xml:17:13-47
43            android:launchMode="singleTop"
43-->src\main\AndroidManifest.xml:14:13-43
44            android:theme="@style/LaunchTheme"
44-->src\main\AndroidManifest.xml:15:13-47
45            android:windowSoftInputMode="adjustResize" >
45-->src\main\AndroidManifest.xml:18:13-55
46
47            <!--
48                 Specifies an Android theme to apply to this Activity as soon as
49                 the Android process has started. This theme is visible to the user
50                 while the Flutter UI initializes. After that, this theme continues
51                 to determine the Window background behind the Flutter UI.
52            -->
53            <meta-data
53-->src\main\AndroidManifest.xml:23:13-26:17
54                android:name="io.flutter.embedding.android.NormalTheme"
54-->src\main\AndroidManifest.xml:24:15-70
55                android:resource="@style/NormalTheme" />
55-->src\main\AndroidManifest.xml:25:15-52
56            <!--
57                 Displays an Android View that continues showing the launch screen
58                 Drawable until Flutter paints its first frame, then this splash
59                 screen fades out. A splash screen is useful to avoid any visual
60                 gap between the end of Android's launch screen and the painting of
61                 Flutter's first frame.
62            -->
63            <meta-data
63-->src\main\AndroidManifest.xml:32:13-35:17
64                android:name="io.flutter.embedding.android.SplashScreenDrawable"
64-->src\main\AndroidManifest.xml:33:15-79
65                android:resource="@drawable/launch_background" />
65-->src\main\AndroidManifest.xml:34:15-61
66
67            <intent-filter>
67-->src\main\AndroidManifest.xml:36:13-39:29
68                <action android:name="android.intent.action.MAIN" />
68-->src\main\AndroidManifest.xml:37:17-68
68-->src\main\AndroidManifest.xml:37:25-66
69
70                <category android:name="android.intent.category.LAUNCHER" />
70-->src\main\AndroidManifest.xml:38:17-76
70-->src\main\AndroidManifest.xml:38:27-74
71            </intent-filter>
72        </activity>
73        <!--
74             Don't delete the meta-data below.
75             This is used by the Flutter tool to generate GeneratedPluginRegistrant.java
76        -->
77        <meta-data
77-->src\main\AndroidManifest.xml:43:9-45:33
78            android:name="flutterEmbedding"
78-->src\main\AndroidManifest.xml:44:13-44
79            android:value="2" />
79-->src\main\AndroidManifest.xml:45:13-30
80
81        <activity
81-->[:razorpay_flutter] AndroidManifest.xml:8:9-11:20
82            android:name="com.razorpay.CheckoutActivity"
82-->[:razorpay_flutter] AndroidManifest.xml:9:13-57
83            android:configChanges="keyboard|keyboardHidden|orientation|screenSize"
83-->[com.razorpay:checkout:1.5.16] AndroidManifest.xml:20:13-83
84            android:label="Razorpay Checkout"
84-->[:razorpay_flutter] AndroidManifest.xml:10:13-46
85            android:theme="@style/CheckoutTheme" >
85-->[com.razorpay:checkout:1.5.16] AndroidManifest.xml:21:13-49
86            <intent-filter>
86-->[com.razorpay:checkout:1.5.16] AndroidManifest.xml:22:13-28:29
87                <action android:name="android.intent.action.MAIN" />
87-->src\main\AndroidManifest.xml:37:17-68
87-->src\main\AndroidManifest.xml:37:25-66
88
89                <data
89-->[:stripe_payment] AndroidManifest.xml:32:17-50
90                    android:host="rzp.io"
91                    android:scheme="io.rzp" />
91-->[:stripe_payment] AndroidManifest.xml:32:23-47
92            </intent-filter>
93        </activity>
94
95        <provider
95-->[:image_picker] AndroidManifest.xml:11:9-19:20
96            android:name="io.flutter.plugins.imagepicker.ImagePickerFileProvider"
96-->[:image_picker] AndroidManifest.xml:12:13-82
97            android:authorities="com.example.fsalonappaakash.flutter.image_provider"
97-->[:image_picker] AndroidManifest.xml:13:13-74
98            android:exported="false"
98-->[:image_picker] AndroidManifest.xml:14:13-37
99            android:grantUriPermissions="true" >
99-->[:image_picker] AndroidManifest.xml:15:13-47
100            <meta-data
100-->[:image_picker] AndroidManifest.xml:16:13-18:75
101                android:name="android.support.FILE_PROVIDER_PATHS"
101-->[:image_picker] AndroidManifest.xml:17:17-67
102                android:resource="@xml/flutter_image_picker_file_paths" />
102-->[:image_picker] AndroidManifest.xml:18:17-72
103        </provider>
104
105        <service
105-->[:cloud_firestore] AndroidManifest.xml:8:9-12:19
106            android:name="com.google.firebase.components.ComponentDiscoveryService"
106-->[:cloud_firestore] AndroidManifest.xml:8:18-89
107            android:directBootAware="true"
107-->[com.google.firebase:firebase-common:19.3.0] AndroidManifest.xml:34:13-43
108            android:exported="false" >
108-->[com.google.firebase:firebase-auth:19.2.0] AndroidManifest.xml:35:13-37
109            <meta-data
109-->[:cloud_firestore] AndroidManifest.xml:9:13-11:85
110                android:name="com.google.firebase.components:io.flutter.plugins.firebase.cloudfirestore.FlutterFirebaseAppRegistrar"
110-->[:cloud_firestore] AndroidManifest.xml:10:17-133
111                android:value="com.google.firebase.components.ComponentRegistrar" />
111-->[:cloud_firestore] AndroidManifest.xml:11:17-82
112            <meta-data
112-->[:firebase_auth] AndroidManifest.xml:9:13-11:85
113                android:name="com.google.firebase.components:io.flutter.plugins.firebaseauth.FlutterFirebaseAppRegistrar"
113-->[:firebase_auth] AndroidManifest.xml:10:17-122
114                android:value="com.google.firebase.components.ComponentRegistrar" />
114-->[:firebase_auth] AndroidManifest.xml:11:17-82
115            <meta-data
115-->[:firebase_storage] AndroidManifest.xml:9:13-11:85
116                android:name="com.google.firebase.components:io.flutter.plugins.firebase.storage.FlutterFirebaseAppRegistrar"
116-->[:firebase_storage] AndroidManifest.xml:10:17-126
117                android:value="com.google.firebase.components.ComponentRegistrar" />
117-->[:firebase_storage] AndroidManifest.xml:11:17-82
118            <meta-data
118-->[:firebase_core] AndroidManifest.xml:9:13-11:85
119                android:name="com.google.firebase.components:io.flutter.plugins.firebase.core.FlutterFirebaseAppRegistrar"
119-->[:firebase_core] AndroidManifest.xml:10:17-123
120                android:value="com.google.firebase.components.ComponentRegistrar" />
120-->[:firebase_core] AndroidManifest.xml:11:17-82
121            <meta-data
121-->[:firebase_analytics] AndroidManifest.xml:13:13-15:85
122                android:name="com.google.firebase.components:io.flutter.plugins.firebaseanalytics.FlutterFirebaseAppRegistrar"
122-->[:firebase_analytics] AndroidManifest.xml:14:17-127
123                android:value="com.google.firebase.components.ComponentRegistrar" />
123-->[:firebase_analytics] AndroidManifest.xml:15:17-82
124            <meta-data
124-->[com.google.firebase:firebase-auth:19.2.0] AndroidManifest.xml:36:13-38:85
125                android:name="com.google.firebase.components:com.google.firebase.auth.FirebaseAuthRegistrar"
125-->[com.google.firebase:firebase-auth:19.2.0] AndroidManifest.xml:37:17-109
126                android:value="com.google.firebase.components.ComponentRegistrar" />
126-->[com.google.firebase:firebase-auth:19.2.0] AndroidManifest.xml:38:17-82
127            <meta-data
127-->[com.google.android.gms:play-services-measurement-api:17.4.1] AndroidManifest.xml:30:13-32:85
128                android:name="com.google.firebase.components:com.google.firebase.analytics.connector.internal.AnalyticsConnectorRegistrar"
128-->[com.google.android.gms:play-services-measurement-api:17.4.1] AndroidManifest.xml:31:17-139
129                android:value="com.google.firebase.components.ComponentRegistrar" />
129-->[com.google.android.gms:play-services-measurement-api:17.4.1] AndroidManifest.xml:32:17-82
130            <meta-data
130-->[com.google.firebase:firebase-firestore:21.3.0] AndroidManifest.xml:20:13-22:85
131                android:name="com.google.firebase.components:com.google.firebase.firestore.FirestoreRegistrar"
131-->[com.google.firebase:firebase-firestore:21.3.0] AndroidManifest.xml:21:17-111
132                android:value="com.google.firebase.components.ComponentRegistrar" />
132-->[com.google.firebase:firebase-firestore:21.3.0] AndroidManifest.xml:22:17-82
133            <meta-data
133-->[com.google.firebase:firebase-storage:17.0.0] AndroidManifest.xml:31:13-33:85
134                android:name="com.google.firebase.components:com.google.firebase.storage.StorageRegistrar"
134-->[com.google.firebase:firebase-storage:17.0.0] AndroidManifest.xml:32:17-107
135                android:value="com.google.firebase.components.ComponentRegistrar" />
135-->[com.google.firebase:firebase-storage:17.0.0] AndroidManifest.xml:33:17-82
136            <meta-data
136-->[com.google.firebase:firebase-iid:20.1.5] AndroidManifest.xml:32:13-34:85
137                android:name="com.google.firebase.components:com.google.firebase.iid.Registrar"
137-->[com.google.firebase:firebase-iid:20.1.5] AndroidManifest.xml:33:17-96
138                android:value="com.google.firebase.components.ComponentRegistrar" />
138-->[com.google.firebase:firebase-iid:20.1.5] AndroidManifest.xml:34:17-82
139            <meta-data
139-->[com.google.firebase:firebase-installations:16.2.1] AndroidManifest.xml:17:13-19:85
140                android:name="com.google.firebase.components:com.google.firebase.installations.FirebaseInstallationsRegistrar"
140-->[com.google.firebase:firebase-installations:16.2.1] AndroidManifest.xml:18:17-127
141                android:value="com.google.firebase.components.ComponentRegistrar" />
141-->[com.google.firebase:firebase-installations:16.2.1] AndroidManifest.xml:19:17-82
142        </service>
143
144        <meta-data
144-->[:stripe_payment] AndroidManifest.xml:12:9-14:36
145            android:name="com.google.android.gms.wallet.api.enabled"
145-->[:stripe_payment] AndroidManifest.xml:13:13-69
146            android:value="true" />
146-->[:stripe_payment] AndroidManifest.xml:14:13-33
147
148        <activity
148-->[:stripe_payment] AndroidManifest.xml:16:9-20:75
149            android:name="com.gettipsi.stripe.OpenBrowserActivity"
149-->[:stripe_payment] AndroidManifest.xml:17:13-67
150            android:exported="false"
150-->[:stripe_payment] AndroidManifest.xml:18:13-37
151            android:launchMode="singleTask"
151-->[:stripe_payment] AndroidManifest.xml:19:13-44
152            android:theme="@android:style/Theme.Translucent.NoTitleBar" />
152-->[:stripe_payment] AndroidManifest.xml:20:13-72
153        <activity
153-->[:stripe_payment] AndroidManifest.xml:21:9-34:20
154            android:name="com.gettipsi.stripe.RedirectUriReceiver"
154-->[:stripe_payment] AndroidManifest.xml:22:13-67
155            android:exported="true"
155-->[:stripe_payment] AndroidManifest.xml:23:13-36
156            android:launchMode="singleTask"
156-->[:stripe_payment] AndroidManifest.xml:24:13-44
157            android:theme="@android:style/Theme.Translucent.NoTitleBar.Fullscreen" >
157-->[:stripe_payment] AndroidManifest.xml:25:13-83
158            <intent-filter>
158-->[:stripe_payment] AndroidManifest.xml:26:13-33:29
159                <action android:name="android.intent.action.VIEW" />
159-->[:stripe_payment] AndroidManifest.xml:27:17-69
159-->[:stripe_payment] AndroidManifest.xml:27:25-66
160
161                <category android:name="android.intent.category.DEFAULT" />
161-->[:stripe_payment] AndroidManifest.xml:29:17-76
161-->[:stripe_payment] AndroidManifest.xml:29:27-73
162                <category android:name="android.intent.category.BROWSABLE" />
162-->[:stripe_payment] AndroidManifest.xml:30:17-78
162-->[:stripe_payment] AndroidManifest.xml:30:27-75
163
164                <data android:scheme="example" />
164-->[:stripe_payment] AndroidManifest.xml:32:17-50
164-->[:stripe_payment] AndroidManifest.xml:32:23-47
165            </intent-filter>
166        </activity>
167        <activity
167-->[com.google.firebase:firebase-auth:19.2.0] AndroidManifest.xml:24:9-31:50
168            android:name="com.google.firebase.auth.internal.FederatedSignInActivity"
168-->[com.google.firebase:firebase-auth:19.2.0] AndroidManifest.xml:25:13-85
169            android:excludeFromRecents="true"
169-->[com.google.firebase:firebase-auth:19.2.0] AndroidManifest.xml:26:13-46
170            android:exported="true"
170-->[com.google.firebase:firebase-auth:19.2.0] AndroidManifest.xml:27:13-36
171            android:launchMode="singleTask"
171-->[com.google.firebase:firebase-auth:19.2.0] AndroidManifest.xml:28:13-44
172            android:permission="com.google.firebase.auth.api.gms.permission.LAUNCH_FEDERATED_SIGN_IN"
172-->[com.google.firebase:firebase-auth:19.2.0] AndroidManifest.xml:29:13-102
173            android:theme="@android:style/Theme.Translucent.NoTitleBar" />
173-->[com.google.firebase:firebase-auth:19.2.0] AndroidManifest.xml:30:13-72
174
175        <receiver
175-->[com.google.android.gms:play-services-measurement:17.4.1] AndroidManifest.xml:29:9-33:20
176            android:name="com.google.android.gms.measurement.AppMeasurementReceiver"
176-->[com.google.android.gms:play-services-measurement:17.4.1] AndroidManifest.xml:30:13-85
177            android:enabled="true"
177-->[com.google.android.gms:play-services-measurement:17.4.1] AndroidManifest.xml:31:13-35
178            android:exported="false" >
178-->[com.google.android.gms:play-services-measurement:17.4.1] AndroidManifest.xml:32:13-37
179        </receiver>
180
181        <service
181-->[com.google.android.gms:play-services-measurement:17.4.1] AndroidManifest.xml:35:9-38:40
182            android:name="com.google.android.gms.measurement.AppMeasurementService"
182-->[com.google.android.gms:play-services-measurement:17.4.1] AndroidManifest.xml:36:13-84
183            android:enabled="true"
183-->[com.google.android.gms:play-services-measurement:17.4.1] AndroidManifest.xml:37:13-35
184            android:exported="false" />
184-->[com.google.android.gms:play-services-measurement:17.4.1] AndroidManifest.xml:38:13-37
185        <service
185-->[com.google.android.gms:play-services-measurement:17.4.1] AndroidManifest.xml:39:9-43:72
186            android:name="com.google.android.gms.measurement.AppMeasurementJobService"
186-->[com.google.android.gms:play-services-measurement:17.4.1] AndroidManifest.xml:40:13-87
187            android:enabled="true"
187-->[com.google.android.gms:play-services-measurement:17.4.1] AndroidManifest.xml:41:13-35
188            android:exported="false"
188-->[com.google.android.gms:play-services-measurement:17.4.1] AndroidManifest.xml:42:13-37
189            android:permission="android.permission.BIND_JOB_SERVICE" />
189-->[com.google.android.gms:play-services-measurement:17.4.1] AndroidManifest.xml:43:13-69
190
191        <receiver
191-->[com.google.firebase:firebase-iid:20.1.5] AndroidManifest.xml:37:9-44:20
192            android:name="com.google.firebase.iid.FirebaseInstanceIdReceiver"
192-->[com.google.firebase:firebase-iid:20.1.5] AndroidManifest.xml:38:13-78
193            android:exported="true"
193-->[com.google.firebase:firebase-iid:20.1.5] AndroidManifest.xml:39:13-36
194            android:permission="com.google.android.c2dm.permission.SEND" >
194-->[com.google.firebase:firebase-iid:20.1.5] AndroidManifest.xml:40:13-73
195            <intent-filter>
195-->[com.google.firebase:firebase-iid:20.1.5] AndroidManifest.xml:41:13-43:29
196                <action android:name="com.google.android.c2dm.intent.RECEIVE" />
196-->[com.google.firebase:firebase-iid:20.1.5] AndroidManifest.xml:42:17-81
196-->[com.google.firebase:firebase-iid:20.1.5] AndroidManifest.xml:42:25-78
197            </intent-filter>
198        </receiver>
199
200        <provider
200-->[com.google.firebase:firebase-common:19.3.0] AndroidManifest.xml:26:9-30:39
201            android:name="com.google.firebase.provider.FirebaseInitProvider"
201-->[com.google.firebase:firebase-common:19.3.0] AndroidManifest.xml:27:13-77
202            android:authorities="com.example.fsalonappaakash.firebaseinitprovider"
202-->[com.google.firebase:firebase-common:19.3.0] AndroidManifest.xml:28:13-72
203            android:exported="false"
203-->[com.google.firebase:firebase-common:19.3.0] AndroidManifest.xml:29:13-37
204            android:initOrder="100" />
204-->[com.google.firebase:firebase-common:19.3.0] AndroidManifest.xml:30:13-36
205
206        <activity
206-->[com.google.android.gms:play-services-auth:16.0.1] AndroidManifest.xml:23:9-27:75
207            android:name="com.google.android.gms.auth.api.signin.internal.SignInHubActivity"
207-->[com.google.android.gms:play-services-auth:16.0.1] AndroidManifest.xml:24:13-93
208            android:excludeFromRecents="true"
208-->[com.google.android.gms:play-services-auth:16.0.1] AndroidManifest.xml:25:13-46
209            android:exported="false"
209-->[com.google.android.gms:play-services-auth:16.0.1] AndroidManifest.xml:26:13-37
210            android:theme="@android:style/Theme.Translucent.NoTitleBar" />
210-->[com.google.android.gms:play-services-auth:16.0.1] AndroidManifest.xml:27:13-72
211        <!--
212            Service handling Google Sign-In user revocation. For apps that do not integrate with
213            Google Sign-In, this service will never be started.
214        -->
215        <service
215-->[com.google.android.gms:play-services-auth:16.0.1] AndroidManifest.xml:33:9-36:110
216            android:name="com.google.android.gms.auth.api.signin.RevocationBoundService"
216-->[com.google.android.gms:play-services-auth:16.0.1] AndroidManifest.xml:34:13-89
217            android:exported="true"
217-->[com.google.android.gms:play-services-auth:16.0.1] AndroidManifest.xml:35:13-36
218            android:permission="com.google.android.gms.auth.api.signin.permission.REVOCATION_NOTIFICATION" /> <!-- Needs to be explicitly declared on P+ -->
218-->[com.google.android.gms:play-services-auth:16.0.1] AndroidManifest.xml:36:13-107
219        <uses-library
219-->[com.google.android.gms:play-services-maps:17.0.0] AndroidManifest.xml:33:9-35:40
220            android:name="org.apache.http.legacy"
220-->[com.google.android.gms:play-services-maps:17.0.0] AndroidManifest.xml:34:13-50
221            android:required="false" />
221-->[com.google.android.gms:play-services-maps:17.0.0] AndroidManifest.xml:35:13-37
222
223        <activity
223-->[com.google.android.gms:play-services-base:17.1.0] AndroidManifest.xml:23:9-26:75
224            android:name="com.google.android.gms.common.api.GoogleApiActivity"
224-->[com.google.android.gms:play-services-base:17.1.0] AndroidManifest.xml:24:13-79
225            android:exported="false"
225-->[com.google.android.gms:play-services-base:17.1.0] AndroidManifest.xml:25:13-37
226            android:theme="@android:style/Theme.Translucent.NoTitleBar" />
226-->[com.google.android.gms:play-services-base:17.1.0] AndroidManifest.xml:26:13-72
227
228        <meta-data
228-->[com.google.android.gms:play-services-basement:17.0.0] AndroidManifest.xml:23:9-25:69
229            android:name="com.google.android.gms.version"
229-->[com.google.android.gms:play-services-basement:17.0.0] AndroidManifest.xml:24:13-58
230            android:value="@integer/google_play_services_version" />
230-->[com.google.android.gms:play-services-basement:17.0.0] AndroidManifest.xml:25:13-66
231
232        <activity
232-->[com.stripe:stripe-android:10.4.6] AndroidManifest.xml:12:9-14:57
233            android:name="com.stripe.android.view.AddPaymentMethodActivity"
233-->[com.stripe:stripe-android:10.4.6] AndroidManifest.xml:13:13-76
234            android:theme="@style/StripeDefaultTheme" />
234-->[com.stripe:stripe-android:10.4.6] AndroidManifest.xml:14:13-54
235        <activity
235-->[com.stripe:stripe-android:10.4.6] AndroidManifest.xml:15:9-17:57
236            android:name="com.stripe.android.view.PaymentMethodsActivity"
236-->[com.stripe:stripe-android:10.4.6] AndroidManifest.xml:16:13-74
237            android:theme="@style/StripeDefaultTheme" />
237-->[com.stripe:stripe-android:10.4.6] AndroidManifest.xml:17:13-54
238        <activity
238-->[com.stripe:stripe-android:10.4.6] AndroidManifest.xml:18:9-20:57
239            android:name="com.stripe.android.view.PaymentFlowActivity"
239-->[com.stripe:stripe-android:10.4.6] AndroidManifest.xml:19:13-71
240            android:theme="@style/StripeDefaultTheme" />
240-->[com.stripe:stripe-android:10.4.6] AndroidManifest.xml:20:13-54
241        <activity
241-->[com.stripe:stripe-android:10.4.6] AndroidManifest.xml:21:9-23:57
242            android:name="com.stripe.android.view.PaymentAuthWebViewActivity"
242-->[com.stripe:stripe-android:10.4.6] AndroidManifest.xml:22:13-78
243            android:theme="@style/StripeDefaultTheme" />
243-->[com.stripe:stripe-android:10.4.6] AndroidManifest.xml:23:13-54
244        <activity
244-->[com.stripe:stripe-android:10.4.6] AndroidManifest.xml:24:9-26:57
245            android:name="com.stripe.android.view.PaymentRelayActivity"
245-->[com.stripe:stripe-android:10.4.6] AndroidManifest.xml:25:13-72
246            android:theme="@style/StripeDefaultTheme" />
246-->[com.stripe:stripe-android:10.4.6] AndroidManifest.xml:26:13-54
247        <activity
247-->[com.stripe:stripe-3ds2-android:1.2.2] AndroidManifest.xml:12:9-14:54
248            android:name="com.stripe.android.stripe3ds2.views.ChallengeActivity"
248-->[com.stripe:stripe-3ds2-android:1.2.2] AndroidManifest.xml:13:13-81
249            android:theme="@style/Stripe3DS2Theme" />
249-->[com.stripe:stripe-3ds2-android:1.2.2] AndroidManifest.xml:14:13-51
250        <activity
250-->[com.stripe:stripe-3ds2-android:1.2.2] AndroidManifest.xml:15:9-17:54
251            android:name="com.stripe.android.stripe3ds2.views.ChallengeProgressDialogActivity"
251-->[com.stripe:stripe-3ds2-android:1.2.2] AndroidManifest.xml:16:13-95
252            android:theme="@style/Stripe3DS2Theme" />
252-->[com.stripe:stripe-3ds2-android:1.2.2] AndroidManifest.xml:17:13-51
253
254        <receiver android:name="com.razorpay.RzpTokenReceiver" >
254-->[com.razorpay:checkout:1.5.16] AndroidManifest.xml:12:9-16:20
254-->[com.razorpay:checkout:1.5.16] AndroidManifest.xml:12:19-63
255            <intent-filter>
255-->[com.razorpay:checkout:1.5.16] AndroidManifest.xml:13:13-15:29
256                <action android:name="rzp.device_token.share" />
256-->[com.razorpay:checkout:1.5.16] AndroidManifest.xml:14:17-65
256-->[com.razorpay:checkout:1.5.16] AndroidManifest.xml:14:25-62
257            </intent-filter>
258        </receiver>
259    </application>
260
261</manifest>